Start testing: May 24 14:06 FLE Daylight Time
----------------------------------------------------------
1/1 Testing: Test_CMake
1/1 Test: Test_CMake
Command: "C:/Users/sgiky/Documents/GitHub/OBJ_Uzduotys3/build/Unit_Tests/Test_CMake.exe"
Directory: C:/Users/sgiky/Documents/GitHub/OBJ_Uzduotys3/build/Unit_Tests
"Test_CMake" start time: May 24 14:06 FLE Daylight Time
Output:
----------------------------------------------------------
Running main() from C:\Users\sgiky\Documents\GitHub\OBJ_Uzduotys3\googletest\googletest\src\gtest_main.cc
[==========] Running 6 tests from 6 test suites.
[----------] Global test environment set-up.
[----------] 1 test from Unit_Tests_VecLib_2
[ RUN      ] Unit_Tests_VecLib_2.Cap_Test
[       OK ] Unit_Tests_VecLib_2.Cap_Test (0 ms)
[----------] 1 test from Unit_Tests_VecLib_2 (0 ms total)

[----------] 1 test from Unit_Tests_VecLib_3
[ RUN      ] Unit_Tests_VecLib_3.Mod_Test
[       OK ] Unit_Tests_VecLib_3.Mod_Test (0 ms)
[----------] 1 test from Unit_Tests_VecLib_3 (0 ms total)

[----------] 1 test from Unit__Test_VecLib_4
[ RUN      ] Unit__Test_VecLib_4.CopCon_Test
[       OK ] Unit__Test_VecLib_4.CopCon_Test (0 ms)
[----------] 1 test from Unit__Test_VecLib_4 (0 ms total)

[----------] 1 test from Unit_Test_VecLib5
[ RUN      ] Unit_Test_VecLib5.MovCon_Test
[       OK ] Unit_Test_VecLib5.MovCon_Test (0 ms)
[----------] 1 test from Unit_Test_VecLib5 (0 ms total)

[----------] 1 test from Unit_Test_VecLib_0
[ RUN      ] Unit_Test_VecLib_0.Char_test
[       OK ] Unit_Test_VecLib_0.Char_test (0 ms)
[----------] 1 test from Unit_Test_VecLib_0 (0 ms total)

[----------] 1 test from Unit_Tests_VecLib_1
[ RUN      ] Unit_Tests_VecLib_1.El_acc_Test
[       OK ] Unit_Tests_VecLib_1.El_acc_Test (0 ms)
[----------] 1 test from Unit_Tests_VecLib_1 (0 ms total)

[----------] Global test environment tear-down
[==========] 6 tests from 6 test suites ran. (0 ms total)
[  PASSED  ] 6 tests.
<end of output>
Test time =   0.03 sec
----------------------------------------------------------
Test Passed.
"Test_CMake" end time: May 24 14:06 FLE Daylight Time
"Test_CMake" time elapsed: 00:00:00
----------------------------------------------------------

End testing: May 24 14:06 FLE Daylight Time
