Start testing: May 20 18:52 FLE Daylight Time
----------------------------------------------------------
1/1 Testing: Test_CMake
1/1 Test: Test_CMake
Command: "C:/Users/sgiky/Documents/GitHub/OBJ_Uzduotys3/build/Unit_Tests/Test_CMake.exe"
Directory: C:/Users/sgiky/Documents/GitHub/OBJ_Uzduotys3/build/Unit_Tests
"Test_CMake" start time: May 20 18:52 FLE Daylight Time
Output:
----------------------------------------------------------
Running main() from C:\Users\sgiky\Documents\GitHub\OBJ_Uzduotys3\googletest\googletest\src\gtest_main.cc
[==========] Running 1 test from 1 test suite.
[----------] Global test environment set-up.
[----------] 1 test from Unit_Tests_Class_1
[ RUN      ] Unit_Tests_Class_1.PB_Test
[       OK ] Unit_Tests_Class_1.PB_Test (0 ms)
[----------] 1 test from Unit_Tests_Class_1 (0 ms total)

[----------] Global test environment tear-down
[==========] 1 test from 1 test suite ran. (0 ms total)
[  PASSED  ] 1 test.
<end of output>
Test time =   0.08 sec
----------------------------------------------------------
Test Passed.
"Test_CMake" end time: May 20 18:52 FLE Daylight Time
"Test_CMake" time elapsed: 00:00:00
----------------------------------------------------------

End testing: May 20 18:52 FLE Daylight Time
