<?xml version="1.0" encoding="UTF-8"?>
<Site BuildName="(empty)"
	BuildStamp="20240521-0907-Experimental"
	Name="(empty)"
	Generator="ctest-3.29.2"
	CompilerName=""
	CompilerVersion=""
	OSName="Windows"
	Hostname="DESKTOP-GLE0FN7"
	OSRelease=" Personal"
	OSVersion=" (Build 19045)"
	OSPlatform="AMD64"
	Is64Bits="1"
	VendorString="AuthenticAMD"
	VendorID="Advanced Micro Devices"
	FamilyID="15"
	ModelID="1"
	ProcessorCacheSize="64"
	NumberOfLogicalCPU="12"
	NumberOfPhysicalCPU="6"
	TotalVirtualMemory="37578"
	TotalPhysicalMemory="32714"
	LogicalProcessorsPerPhysical="2"
	ProcessorClockFrequency="3693"
	>
	<Testing>
		<StartDateTime>May 21 18:00 FLE Daylight Time</StartDateTime>
		<StartTestTime>1716303609</StartTestTime>
		<TestList>
			<Test>./Unit_Tests/Test_CMake</Test>
		</TestList>
		<Test Status="passed">
			<Name>Test_CMake</Name>
			<Path>./Unit_Tests</Path>
			<FullName>./Unit_Tests/Test_CMake</FullName>
			<FullCommandLine>C:\Users\sgiky\Documents\GitHub\OBJ_Uzduotys3\build\Unit_Tests\Test_CMake.exe</FullCommandLine>
			<Results>
				<NamedMeasurement type="numeric/double" name="Execution Time">
					<Value>0.0498136</Value>
				</NamedMeasurement>
				<NamedMeasurement type="numeric/double" name="Processors">
					<Value>1</Value>
				</NamedMeasurement>
				<NamedMeasurement type="text/string" name="Completion Status">
					<Value>Completed</Value>
				</NamedMeasurement>
				<NamedMeasurement type="text/string" name="Command Line">
					<Value>C:\Users\sgiky\Documents\GitHub\OBJ_Uzduotys3\build\Unit_Tests\Test_CMake.exe</Value>
				</NamedMeasurement>
				<NamedMeasurement type="text/string" name="Environment">
					<Value>#CTEST_RESOURCE_GROUP_COUNT=</Value>
				</NamedMeasurement>
				<Measurement>
					<Value encoding="base64" compression="gzip">eJydk89vgjAUx+/8Fe+oBxsFs8OSXcYWl/0yMbKLEAKlQjNoCa91c3/9gG46Fw3iu7SQz7evnzRvoYXgIoUi4mIwhHUlC3CvfQ9ZhT6m/H3r30mqCyYU+jOuHnTsz28fQ+8r0VJt0fFTKdOcKYbq7xYr6qfNLmxOJpRaq5tdBbD4aXsFDYOmr/kA1LxeibUa7SqAWS7jKDcAExteSdHcCZCpkS7/wRPDtYd6gqtw2TQJ3xh95nE4sVaw8F6hreAYQO7zMKK0/VvDpuZP3TAMxlDgsNdtTAaUVFE+tPpE7S4Rm7hReZbFnrxAwb5cwelScMiLTM5S2JMXKDi9FNrsb3R6ROEQIK4sXSlOWZyGzxM5zPd8C0Lq2VlmHKGMKgVyDSpjBpNalVrBR4RQsUJuWALIBWXA6xH8pIwlaOCsYpjJPGnSk7E9hXjbDHBgfQMGPmJ3====</Value>
				</Measurement>
			</Results>
		</Test>
		<EndDateTime>May 21 18:00 FLE Daylight Time</EndDateTime>
		<EndTestTime>1716303609</EndTestTime>
		<ElapsedMinutes>0</ElapsedMinutes>
	</Testing>
</Site>
