<?xml version="1.0" encoding="UTF-8"?>
<Site BuildName="(empty)"
	BuildStamp="20240520-1552-Experimental"
	Name="(empty)"
	Generator="ctest-3.29.2"
	CompilerName=""
	CompilerVersion=""
	OSName="Windows"
	Hostname="DESKTOP-GLE0FN7"
	OSRelease=" Personal"
	OSVersion=" (Build 19045)"
	OSPlatform="AMD64"
	Is64Bits="1"
	VendorString="AuthenticAMD"
	VendorID="Advanced Micro Devices"
	FamilyID="15"
	ModelID="1"
	ProcessorCacheSize="64"
	NumberOfLogicalCPU="12"
	NumberOfPhysicalCPU="6"
	TotalVirtualMemory="37578"
	TotalPhysicalMemory="32714"
	LogicalProcessorsPerPhysical="2"
	ProcessorClockFrequency="3693"
	>
	<Testing>
		<StartDateTime>May 20 21:49 FLE Daylight Time</StartDateTime>
		<StartTestTime>1716230940</StartTestTime>
		<TestList>
			<Test>./Unit_Tests/Test_CMake</Test>
		</TestList>
		<Test Status="passed">
			<Name>Test_CMake</Name>
			<Path>./Unit_Tests</Path>
			<FullName>./Unit_Tests/Test_CMake</FullName>
			<FullCommandLine>C:\Users\sgiky\Documents\GitHub\OBJ_Uzduotys3\build\Unit_Tests\Test_CMake.exe</FullCommandLine>
			<Results>
				<NamedMeasurement type="numeric/double" name="Execution Time">
					<Value>0.0716625</Value>
				</NamedMeasurement>
				<NamedMeasurement type="numeric/double" name="Processors">
					<Value>1</Value>
				</NamedMeasurement>
				<NamedMeasurement type="text/string" name="Completion Status">
					<Value>Completed</Value>
				</NamedMeasurement>
				<NamedMeasurement type="text/string" name="Command Line">
					<Value>C:\Users\sgiky\Documents\GitHub\OBJ_Uzduotys3\build\Unit_Tests\Test_CMake.exe</Value>
				</NamedMeasurement>
				<NamedMeasurement type="text/string" name="Environment">
					<Value>#CTEST_RESOURCE_GROUP_COUNT=</Value>
				</NamedMeasurement>
				<Measurement>
					<Value encoding="base64" compression="gzip">eJydkltPgzAUgN/5FedxPNA4eDPxQbdlxtsME18oaUqppBHapS2a+euFddmccbJxXnrJdy5fcuJGSiFLqKmQIx/etKphcokTw7XBphTvazxVrKm5tAbPhb1tcry4uSPJV9EouzYRLpUqK265sT+vRjNcdjfSVUaMeenVLjKIt20j6Bjj+roHmEa0J/LSYBcZzCuV08oBXH4IrWQ3Exhug2b1Cx47blM0kcKSl64JeeXsQeRk7KUQJ0+wiewvAM0qQhnb/Lawi8V9PwyjC6iNf9Y0LgessrTyvXNSwz6REE3o6iSLPTlAIRyuEPUpROhRFScp7MkBCtF/Csd2z3Kqg0J9ysPdPr7ToKlEh51aqefr5XI27fS3mcj7BmN8Iq4=</Value>
				</Measurement>
			</Results>
		</Test>
		<EndDateTime>May 20 21:49 FLE Daylight Time</EndDateTime>
		<EndTestTime>1716230940</EndTestTime>
		<ElapsedMinutes>0</ElapsedMinutes>
	</Testing>
</Site>
