<?xml version="1.0" encoding="UTF-8"?>
<Site BuildName="(empty)"
	BuildStamp="20240524-0954-Experimental"
	Name="(empty)"
	Generator="ctest-3.29.2"
	CompilerName=""
	CompilerVersion=""
	OSName="Windows"
	Hostname="DESKTOP-GLE0FN7"
	OSRelease=" Personal"
	OSVersion=" (Build 19045)"
	OSPlatform="AMD64"
	Is64Bits="1"
	VendorString="AuthenticAMD"
	VendorID="Advanced Micro Devices"
	FamilyID="15"
	ModelID="1"
	ProcessorCacheSize="64"
	NumberOfLogicalCPU="12"
	NumberOfPhysicalCPU="6"
	TotalVirtualMemory="37578"
	TotalPhysicalMemory="32714"
	LogicalProcessorsPerPhysical="2"
	ProcessorClockFrequency="3693"
	>
	<Testing>
		<StartDateTime>May 24 14:06 FLE Daylight Time</StartDateTime>
		<StartTestTime>1716548762</StartTestTime>
		<TestList>
			<Test>./Unit_Tests/Test_CMake</Test>
		</TestList>
		<Test Status="passed">
			<Name>Test_CMake</Name>
			<Path>./Unit_Tests</Path>
			<FullName>./Unit_Tests/Test_CMake</FullName>
			<FullCommandLine>C:\Users\sgiky\Documents\GitHub\OBJ_Uzduotys3\build\Unit_Tests\Test_CMake.exe</FullCommandLine>
			<Results>
				<NamedMeasurement type="numeric/double" name="Execution Time">
					<Value>0.0285829</Value>
				</NamedMeasurement>
				<NamedMeasurement type="numeric/double" name="Processors">
					<Value>1</Value>
				</NamedMeasurement>
				<NamedMeasurement type="text/string" name="Completion Status">
					<Value>Completed</Value>
				</NamedMeasurement>
				<NamedMeasurement type="text/string" name="Command Line">
					<Value>C:\Users\sgiky\Documents\GitHub\OBJ_Uzduotys3\build\Unit_Tests\Test_CMake.exe</Value>
				</NamedMeasurement>
				<NamedMeasurement type="text/string" name="Environment">
					<Value>#CTEST_RESOURCE_GROUP_COUNT=</Value>
				</NamedMeasurement>
				<Measurement>
					<Value encoding="base64" compression="gzip">eJydk01vgkAQhu/8ijnqQaJie2jSS2li0y8TI70IIXyssCnsEGbX1v76Aqu2NlLFuezX8+7su5OZKyG4SCAPuOj1YVViDvaN6xAryaWEv2/ce4xUzoQkd8rlgwrd2d2j73zFCuWGLDdBTDImGcnfUyojN6lnfn2zGUXG8nYfHsy3aa+hZkjn1QsgxavRNJaDfXgwzTAMMg0wseYlivpNQEwOVPEHHmmuudQRXPqLOon/xqJnHvpjYwlz5xWa8I4Bph0UzVZF6pg9nSChN4Sc+p3eoTUgUQZZ3+gitU5ZsMwXjM+y8ENeYMHqZKHR7qSTIxYOAdPGwkbR5qIdPs/Iob5zLbbKq5ZK7I6r313/Y6INPb8WO/WFBkyz6p1FygmKoJSAK5Ap0zgqWSgJHwFByXJcsxiIi4gBr1rwM2IsJg2nJaMUs7hWj4bjCYSbuoE94xsK52KO====</Value>
				</Measurement>
			</Results>
		</Test>
		<EndDateTime>May 24 14:06 FLE Daylight Time</EndDateTime>
		<EndTestTime>1716548762</EndTestTime>
		<ElapsedMinutes>0</ElapsedMinutes>
	</Testing>
</Site>
